{
  "stats": {
    "suites": 5,
    "tests": 15,
    "passes": 15,
    "pending": 0,
    "failures": 0,
    "start": "2026-08-06T02:55:34.837Z",
    "end": "2026-08-06T02:55:59.868Z",
    "duration": 25031,
    "testsRegistered": 15,
    "passPercent": 100,
    "pendingPercent": 0,
    "other": 0,
    "hasOther": false,
    "skipped": 0,
    "hasSkipped": false
  },
  "results": [
    {
      "uuid": "c072a772-a8de-437e-881e-5b0057cbdf14",
      "title": "",
      "fullFile": "",
      "file": "",
      "beforeHooks": [
        {
          "title": "\"before all\" hook: beforeAll in \"{root}\"",
          "fullTitle": "\"before all\" hook: beforeAll in \"{root}\"",
          "timedOut": false,
          "duration": 4,
          "state": null,
          "speed": null,
          "pass": false,
          "fail": false,
          "pending": false,
          "context": null,
          "code": "server = app.listen(PORT, done);",
          "err": {},
          "uuid": "30f0223f-951f-4992-8900-5b0214fccf0a",
          "parentUUID": "c072a772-a8de-437e-881e-5b0057cbdf14",
          "isHook": true,
          "skipped": false
        }
      ],
      "afterHooks": [
        {
          "title": "\"after all\" hook: afterAll in \"{root}\"",
          "fullTitle": "\"after all\" hook: afterAll in \"{root}\"",
          "timedOut": false,
          "duration": 2,
          "state": null,
          "speed": null,
          "pass": false,
          "fail": false,
          "pending": false,
          "context": null,
          "code": "server.close(done);",
          "err": {},
          "uuid": "34e58e8f-ce4c-4ae4-956a-722d4e6be2e7",
          "parentUUID": "c072a772-a8de-437e-881e-5b0057cbdf14",
          "isHook": true,
          "skipped": false
        }
      ],
      "tests": [],
      "suites": [
        {
          "uuid": "088779ef-9313-4d3a-a588-7b3a7b7320e2",
          "title": "HU-1 | Inicio de sesion",
          "fullFile": "C:\\Users\\guzma\\OneDrive\\Desktop\\Tarea4-p3\\test\\e2e\\01-login.test.js",
          "file": "\\test\\e2e\\01-login.test.js",
          "beforeHooks": [
            {
              "title": "\"before all\" hook in \"HU-1 | Inicio de sesion\"",
              "fullTitle": "HU-1 | Inicio de sesion \"before all\" hook in \"HU-1 | Inicio de sesion\"",
              "timedOut": false,
              "duration": 1559,
              "state": null,
              "speed": null,
              "pass": false,
              "fail": false,
              "pending": false,
              "context": null,
              "code": "await resetState('default');\ndriver = await buildDriver();\nloginPage = new LoginPage(driver);",
              "err": {},
              "uuid": "f2f56d41-1b67-4b9f-9572-e08816134eda",
              "parentUUID": "088779ef-9313-4d3a-a588-7b3a7b7320e2",
              "isHook": true,
              "skipped": false
            },
            {
              "title": "\"before each\" hook in \"HU-1 | Inicio de sesion\"",
              "fullTitle": "HU-1 | Inicio de sesion \"before each\" hook in \"HU-1 | Inicio de sesion\"",
              "timedOut": false,
              "duration": 117,
              "state": null,
              "speed": null,
              "pass": false,
              "fail": false,
              "pending": false,
              "context": null,
              "code": "await loginPage.open();",
              "err": {},
              "uuid": "35d9a161-4a8e-427c-b244-ace758ba2bff",
              "parentUUID": "088779ef-9313-4d3a-a588-7b3a7b7320e2",
              "isHook": true,
              "skipped": false
            }
          ],
          "afterHooks": [
            {
              "title": "\"after all\" hook in \"HU-1 | Inicio de sesion\"",
              "fullTitle": "HU-1 | Inicio de sesion \"after all\" hook in \"HU-1 | Inicio de sesion\"",
              "timedOut": false,
              "duration": 91,
              "state": null,
              "speed": null,
              "pass": false,
              "fail": false,
              "pending": false,
              "context": null,
              "code": "await driver.quit();",
              "err": {},
              "uuid": "7e31f4bb-6ec5-4328-9378-1113a0a6d853",
              "parentUUID": "088779ef-9313-4d3a-a588-7b3a7b7320e2",
              "isHook": true,
              "skipped": false
            },
            {
              "title": "\"after each\" hook in \"HU-1 | Inicio de sesion\"",
              "fullTitle": "HU-1 | Inicio de sesion \"after each\" hook in \"HU-1 | Inicio de sesion\"",
              "timedOut": false,
              "duration": 104,
              "state": null,
              "speed": null,
              "pass": false,
              "fail": false,
              "pending": false,
              "context": null,
              "code": "await captureScreenshot(driver, this);",
              "err": {},
              "uuid": "70f0f73b-3bb8-4970-8a04-561eb974ebca",
              "parentUUID": "088779ef-9313-4d3a-a588-7b3a7b7320e2",
              "isHook": true,
              "skipped": false
            }
          ],
          "tests": [
            {
              "title": "Camino feliz: con credenciales validas accede al listado de mediciones",
              "fullTitle": "HU-1 | Inicio de sesion Camino feliz: con credenciales validas accede al listado de mediciones",
              "timedOut": false,
              "duration": 586,
              "state": "passed",
              "speed": "slow",
              "pass": true,
              "fail": false,
              "pending": false,
              "context": "{\n  \"title\": \"Captura de pantalla (OK)\",\n  \"value\": \"../../screenshots/hu_1_inicio_de_sesion_camino_feliz_con_credenciales_validas_accede_al_listado_de_mediciones__OK.png\"\n}",
              "code": "await loginPage.login(CREDENCIALES.usuario, CREDENCIALES.password);\nconst url = await driver.getCurrentUrl();\nexpect(url).to.include('/measurements');",
              "err": {},
              "uuid": "32af482b-0ac1-479c-a5aa-b005ab8789c2",
              "parentUUID": "088779ef-9313-4d3a-a588-7b3a7b7320e2",
              "isHook": false,
              "skipped": false
            },
            {
              "title": "Prueba negativa: con contrasena incorrecta muestra error y no inicia sesion",
              "fullTitle": "HU-1 | Inicio de sesion Prueba negativa: con contrasena incorrecta muestra error y no inicia sesion",
              "timedOut": false,
              "duration": 687,
              "state": "passed",
              "speed": "slow",
              "pass": true,
              "fail": false,
              "pending": false,
              "context": "{\n  \"title\": \"Captura de pantalla (OK)\",\n  \"value\": \"../../screenshots/hu_1_inicio_de_sesion_prueba_negativa_con_contrasena_incorrecta_muestra_error_y_no_inicia_sesion__OK.png\"\n}",
              "code": "await loginPage.login(CREDENCIALES.usuario, 'ClaveIncorrecta999');\nexpect(await loginPage.getMensajeError()).to.equal('Usuario o contrasena incorrectos');\nexpect(await driver.getCurrentUrl()).to.include('/login');",
              "err": {},
              "uuid": "ae68d66b-ec6a-4e39-96c7-db665099531a",
              "parentUUID": "088779ef-9313-4d3a-a588-7b3a7b7320e2",
              "isHook": false,
              "skipped": false
            },
            {
              "title": "Prueba de limites: con contrasena vacia (0 caracteres) exige el campo y permanece en login",
              "fullTitle": "HU-1 | Inicio de sesion Prueba de limites: con contrasena vacia (0 caracteres) exige el campo y permanece en login",
              "timedOut": false,
              "duration": 496,
              "state": "passed",
              "speed": "slow",
              "pass": true,
              "fail": false,
              "pending": false,
              "context": "{\n  \"title\": \"Captura de pantalla (OK)\",\n  \"value\": \"../../screenshots/hu_1_inicio_de_sesion_prueba_de_limites_con_contrasena_vacia_0_caracteres_exige_el_campo_y_permanece_en_login__OK.png\"\n}",
              "code": "await loginPage.login(CREDENCIALES.usuario, '');\nexpect(await loginPage.getMensajeError()).to.equal('La contrasena es requerida');\nexpect(await driver.getCurrentUrl()).to.include('/login');",
              "err": {},
              "uuid": "d9ef177b-f666-4127-a40b-8f3b3614c090",
              "parentUUID": "088779ef-9313-4d3a-a588-7b3a7b7320e2",
              "isHook": false,
              "skipped": false
            }
          ],
          "suites": [],
          "passes": [
            "32af482b-0ac1-479c-a5aa-b005ab8789c2",
            "ae68d66b-ec6a-4e39-96c7-db665099531a",
            "d9ef177b-f666-4127-a40b-8f3b3614c090"
          ],
          "failures": [],
          "pending": [],
          "skipped": [],
          "duration": 1769,
          "root": false,
          "rootEmpty": false,
          "_timeout": 30000
        },
        {
          "uuid": "5630b01b-863a-43a8-95c3-5ff314a3d021",
          "title": "HU-2 | Registrar medicion corporal",
          "fullFile": "C:\\Users\\guzma\\OneDrive\\Desktop\\Tarea4-p3\\test\\e2e\\02-create-measurement.test.js",
          "file": "\\test\\e2e\\02-create-measurement.test.js",
          "beforeHooks": [
            {
              "title": "\"before all\" hook in \"HU-2 | Registrar medicion corporal\"",
              "fullTitle": "HU-2 | Registrar medicion corporal \"before all\" hook in \"HU-2 | Registrar medicion corporal\"",
              "timedOut": false,
              "duration": 2189,
              "state": null,
              "speed": null,
              "pass": false,
              "fail": false,
              "pending": false,
              "context": null,
              "code": "await resetState('default');\ndriver = await buildDriver();\nlistPage = new MeasurementsListPage(driver);\nformPage = new MeasurementFormPage(driver);\nconst loginPage = new LoginPage(driver);\nawait loginPage.open();\nawait loginPage.login(CREDENCIALES.usuario, CREDENCIALES.password);\nawait listPage.esperarCarga();",
              "err": {},
              "uuid": "708d80d5-ac9c-4cb3-bffa-41e8d3ac2c7f",
              "parentUUID": "5630b01b-863a-43a8-95c3-5ff314a3d021",
              "isHook": true,
              "skipped": false
            }
          ],
          "afterHooks": [
            {
              "title": "\"after all\" hook in \"HU-2 | Registrar medicion corporal\"",
              "fullTitle": "HU-2 | Registrar medicion corporal \"after all\" hook in \"HU-2 | Registrar medicion corporal\"",
              "timedOut": false,
              "duration": 183,
              "state": null,
              "speed": null,
              "pass": false,
              "fail": false,
              "pending": false,
              "context": null,
              "code": "await driver.quit();",
              "err": {},
              "uuid": "f863aba3-0313-4f86-b3bd-084a3509d486",
              "parentUUID": "5630b01b-863a-43a8-95c3-5ff314a3d021",
              "isHook": true,
              "skipped": false
            },
            {
              "title": "\"after each\" hook in \"HU-2 | Registrar medicion corporal\"",
              "fullTitle": "HU-2 | Registrar medicion corporal \"after each\" hook in \"HU-2 | Registrar medicion corporal\"",
              "timedOut": false,
              "duration": 98,
              "state": null,
              "speed": null,
              "pass": false,
              "fail": false,
              "pending": false,
              "context": null,
              "code": "await captureScreenshot(driver, this);",
              "err": {},
              "uuid": "b585e7f8-83b1-4d1e-a680-c6aea454cff9",
              "parentUUID": "5630b01b-863a-43a8-95c3-5ff314a3d021",
              "isHook": true,
              "skipped": false
            }
          ],
          "tests": [
            {
              "title": "Camino feliz: registra una medicion valida y aparece en el listado",
              "fullTitle": "HU-2 | Registrar medicion corporal Camino feliz: registra una medicion valida y aparece en el listado",
              "timedOut": false,
              "duration": 1220,
              "state": "passed",
              "speed": "slow",
              "pass": true,
              "fail": false,
              "pending": false,
              "context": "{\n  \"title\": \"Captura de pantalla (OK)\",\n  \"value\": \"../../screenshots/hu_2_registrar_medicion_corporal_camino_feliz_registra_una_medicion_valida_y_aparece_en_el_listado__OK.png\"\n}",
              "code": "await listPage.open();\nconst filasAntes = await listPage.contarFilas();\nawait listPage.clickNuevaMedicion();\nawait formPage.llenarFormulario({\n  date: fechaISO(0),\n  weightLb: 176,\n  heightIn: 70,\n  chestCm: 99,\n  armCm: 38,\n  goal: 'subir',\n});\nawait formPage.guardar();\nexpect(await listPage.getFlashExito()).to.equal('Medicion registrada exitosamente');\nexpect(await listPage.contarFilas()).to.equal(filasAntes + 1);\nexpect(await listPage.getPesos()).to.include('176');",
              "err": {},
              "uuid": "4f326071-cc42-468b-a284-8f993a4a941b",
              "parentUUID": "5630b01b-863a-43a8-95c3-5ff314a3d021",
              "isHook": false,
              "skipped": false
            },
            {
              "title": "Prueba negativa: rechaza el peso vacio y no crea el registro",
              "fullTitle": "HU-2 | Registrar medicion corporal Prueba negativa: rechaza el peso vacio y no crea el registro",
              "timedOut": false,
              "duration": 878,
              "state": "passed",
              "speed": "slow",
              "pass": true,
              "fail": false,
              "pending": false,
              "context": "{\n  \"title\": \"Captura de pantalla (OK)\",\n  \"value\": \"../../screenshots/hu_2_registrar_medicion_corporal_prueba_negativa_rechaza_el_peso_vacio_y_no_crea_el_registro__OK.png\"\n}",
              "code": "await listPage.open();\nconst filasAntes = await listPage.contarFilas();\nawait listPage.clickNuevaMedicion();\nawait formPage.llenarFormulario({\n  date: fechaISO(0),\n  weightLb: '',\n  heightIn: 70,\n  chestCm: 99,\n  armCm: 38,\n  goal: 'mantener',\n});\nawait formPage.guardar();\nexpect(await formPage.getErrorCampo('weightLb')).to.equal('El peso debe estar entre 50 y 700 lb');\nawait listPage.open();\nexpect(await listPage.contarFilas()).to.equal(filasAntes);",
              "err": {},
              "uuid": "222271f0-3c91-41ff-b3fb-95d7fc457c32",
              "parentUUID": "5630b01b-863a-43a8-95c3-5ff314a3d021",
              "isHook": false,
              "skipped": false
            },
            {
              "title": "Prueba de limites: acepta el peso minimo de 50 lb y rechaza 49 lb",
              "fullTitle": "HU-2 | Registrar medicion corporal Prueba de limites: acepta el peso minimo de 50 lb y rechaza 49 lb",
              "timedOut": false,
              "duration": 1716,
              "state": "passed",
              "speed": "slow",
              "pass": true,
              "fail": false,
              "pending": false,
              "context": "{\n  \"title\": \"Captura de pantalla (OK)\",\n  \"value\": \"../../screenshots/hu_2_registrar_medicion_corporal_prueba_de_limites_acepta_el_peso_minimo_de_50_lb_y_rechaza_49_lb__OK.png\"\n}",
              "code": "await listPage.open();\nconst filasAntes = await listPage.contarFilas();\nawait listPage.clickNuevaMedicion();\nawait formPage.llenarFormulario({\n  date: fechaISO(0),\n  weightLb: 50,\n  heightIn: 70,\n  chestCm: 99,\n  armCm: 38,\n  goal: 'subir',\n});\nawait formPage.guardar();\nexpect(await listPage.getFlashExito()).to.equal('Medicion registrada exitosamente');\nexpect(await listPage.contarFilas()).to.equal(filasAntes + 1);\nexpect(await listPage.getPesos()).to.include('50');\nawait listPage.clickNuevaMedicion();\nawait formPage.llenarFormulario({\n  date: fechaISO(0),\n  weightLb: 49,\n  heightIn: 70,\n  chestCm: 99,\n  armCm: 38,\n  goal: 'subir',\n});\nawait formPage.guardar();\nexpect(await formPage.getErrorCampo('weightLb')).to.equal('El peso debe estar entre 50 y 700 lb');\nawait listPage.open();\nexpect(await listPage.contarFilas()).to.equal(filasAntes + 1);",
              "err": {},
              "uuid": "2d0b7a07-e6d5-4257-ba32-e841242a30c2",
              "parentUUID": "5630b01b-863a-43a8-95c3-5ff314a3d021",
              "isHook": false,
              "skipped": false
            }
          ],
          "suites": [],
          "passes": [
            "4f326071-cc42-468b-a284-8f993a4a941b",
            "222271f0-3c91-41ff-b3fb-95d7fc457c32",
            "2d0b7a07-e6d5-4257-ba32-e841242a30c2"
          ],
          "failures": [],
          "pending": [],
          "skipped": [],
          "duration": 3814,
          "root": false,
          "rootEmpty": false,
          "_timeout": 30000
        },
        {
          "uuid": "5bb866f3-535f-4fda-b8a0-b774f34c8daf",
          "title": "HU-3 | Consultar mediciones y plan nutricional",
          "fullFile": "C:\\Users\\guzma\\OneDrive\\Desktop\\Tarea4-p3\\test\\e2e\\03-read-measurements.test.js",
          "file": "\\test\\e2e\\03-read-measurements.test.js",
          "beforeHooks": [
            {
              "title": "\"before all\" hook in \"HU-3 | Consultar mediciones y plan nutricional\"",
              "fullTitle": "HU-3 | Consultar mediciones y plan nutricional \"before all\" hook in \"HU-3 | Consultar mediciones y plan nutricional\"",
              "timedOut": false,
              "duration": 956,
              "state": null,
              "speed": null,
              "pass": false,
              "fail": false,
              "pending": false,
              "context": null,
              "code": "driver = await buildDriver();\nloginPage = new LoginPage(driver);\nlistPage = new MeasurementsListPage(driver);\nnutritionPage = new NutritionPlanPage(driver);",
              "err": {},
              "uuid": "ec509242-b8fe-4b1f-ae35-92c3647b05bd",
              "parentUUID": "5bb866f3-535f-4fda-b8a0-b774f34c8daf",
              "isHook": true,
              "skipped": false
            }
          ],
          "afterHooks": [
            {
              "title": "\"after all\" hook in \"HU-3 | Consultar mediciones y plan nutricional\"",
              "fullTitle": "HU-3 | Consultar mediciones y plan nutricional \"after all\" hook in \"HU-3 | Consultar mediciones y plan nutricional\"",
              "timedOut": false,
              "duration": 141,
              "state": null,
              "speed": null,
              "pass": false,
              "fail": false,
              "pending": false,
              "context": null,
              "code": "await driver.quit();",
              "err": {},
              "uuid": "f6ddbcaf-bfdd-4d99-8726-e39a205c6f36",
              "parentUUID": "5bb866f3-535f-4fda-b8a0-b774f34c8daf",
              "isHook": true,
              "skipped": false
            },
            {
              "title": "\"after each\" hook in \"HU-3 | Consultar mediciones y plan nutricional\"",
              "fullTitle": "HU-3 | Consultar mediciones y plan nutricional \"after each\" hook in \"HU-3 | Consultar mediciones y plan nutricional\"",
              "timedOut": false,
              "duration": 104,
              "state": null,
              "speed": null,
              "pass": false,
              "fail": false,
              "pending": false,
              "context": null,
              "code": "await captureScreenshot(driver, this);",
              "err": {},
              "uuid": "be938917-0f73-40fb-ad12-b1bf19dd1c0e",
              "parentUUID": "5bb866f3-535f-4fda-b8a0-b774f34c8daf",
              "isHook": true,
              "skipped": false
            }
          ],
          "tests": [
            {
              "title": "Camino feliz: lista las mediciones sembradas y calcula el plan dentro del presupuesto",
              "fullTitle": "HU-3 | Consultar mediciones y plan nutricional Camino feliz: lista las mediciones sembradas y calcula el plan dentro del presupuesto",
              "timedOut": false,
              "duration": 1457,
              "state": "passed",
              "speed": "slow",
              "pass": true,
              "fail": false,
              "pending": false,
              "context": "{\n  \"title\": \"Captura de pantalla (OK)\",\n  \"value\": \"../../screenshots/hu_3_consultar_mediciones_y_plan_nutricional_camino_feliz_lista_las_mediciones_sembradas_y_calcula_el_plan_dentro_del_pr__OK.png\"\n}",
              "code": "await resetState('default');\nawait iniciarSesion();\nexpect(await listPage.contarFilas()).to.equal(3);\nawait nutritionPage.open();\nawait nutritionPage.calcular(2500);\nconst macros = await nutritionPage.getMacros();\nexpect(macros.kcal).to.be.greaterThan(0);\nexpect(macros.proteinaG).to.be.greaterThan(0);\nexpect(await nutritionPage.contarSugerencias()).to.be.greaterThan(0);",
              "err": {},
              "uuid": "45e31543-b792-4787-9477-c44b34b2884f",
              "parentUUID": "5bb866f3-535f-4fda-b8a0-b774f34c8daf",
              "isHook": false,
              "skipped": false
            },
            {
              "title": "Prueba negativa: sin sesion iniciada redirige al login",
              "fullTitle": "HU-3 | Consultar mediciones y plan nutricional Prueba negativa: sin sesion iniciada redirige al login",
              "timedOut": false,
              "duration": 66,
              "state": "passed",
              "speed": "medium",
              "pass": true,
              "fail": false,
              "pending": false,
              "context": "{\n  \"title\": \"Captura de pantalla (OK)\",\n  \"value\": \"../../screenshots/hu_3_consultar_mediciones_y_plan_nutricional_prueba_negativa_sin_sesion_iniciada_redirige_al_login__OK.png\"\n}",
              "code": "await driver.manage().deleteAllCookies();\nawait driver.get(`${BASE_URL}/measurements`);\nexpect(await driver.getCurrentUrl()).to.include('/login');",
              "err": {},
              "uuid": "3f1ef73e-91e2-4bf9-9f76-bfb8e176ca63",
              "parentUUID": "5bb866f3-535f-4fda-b8a0-b774f34c8daf",
              "isHook": false,
              "skipped": false
            },
            {
              "title": "Prueba de limites: con presupuesto minimo de RD$1 no sugiere alimentos pero no falla",
              "fullTitle": "HU-3 | Consultar mediciones y plan nutricional Prueba de limites: con presupuesto minimo de RD$1 no sugiere alimentos pero no falla",
              "timedOut": false,
              "duration": 1007,
              "state": "passed",
              "speed": "slow",
              "pass": true,
              "fail": false,
              "pending": false,
              "context": "{\n  \"title\": \"Captura de pantalla (OK)\",\n  \"value\": \"../../screenshots/hu_3_consultar_mediciones_y_plan_nutricional_prueba_de_limites_con_presupuesto_minimo_de_rd_1_no_sugiere_alimentos_pero___OK.png\"\n}",
              "code": "await resetState('default');\nawait iniciarSesion();\nawait nutritionPage.open();\nawait nutritionPage.calcular(1);\nexpect(await nutritionPage.getMensajeSinSugerencias()).to.equal(\n  'No se encontraron alimentos dentro de tu presupuesto'\n);\nexpect(await nutritionPage.contarSugerencias()).to.equal(0);",
              "err": {},
              "uuid": "3916503f-a07f-48b4-ac18-80659f7c0aaa",
              "parentUUID": "5bb866f3-535f-4fda-b8a0-b774f34c8daf",
              "isHook": false,
              "skipped": false
            }
          ],
          "suites": [],
          "passes": [
            "45e31543-b792-4787-9477-c44b34b2884f",
            "3f1ef73e-91e2-4bf9-9f76-bfb8e176ca63",
            "3916503f-a07f-48b4-ac18-80659f7c0aaa"
          ],
          "failures": [],
          "pending": [],
          "skipped": [],
          "duration": 2530,
          "root": false,
          "rootEmpty": false,
          "_timeout": 30000
        },
        {
          "uuid": "367fc2f4-cb5c-454f-9b9f-e6bc6edbf0cd",
          "title": "HU-4 | Actualizar medicion corporal",
          "fullFile": "C:\\Users\\guzma\\OneDrive\\Desktop\\Tarea4-p3\\test\\e2e\\04-update-measurement.test.js",
          "file": "\\test\\e2e\\04-update-measurement.test.js",
          "beforeHooks": [
            {
              "title": "\"before all\" hook in \"HU-4 | Actualizar medicion corporal\"",
              "fullTitle": "HU-4 | Actualizar medicion corporal \"before all\" hook in \"HU-4 | Actualizar medicion corporal\"",
              "timedOut": false,
              "duration": 854,
              "state": null,
              "speed": null,
              "pass": false,
              "fail": false,
              "pending": false,
              "context": null,
              "code": "driver = await buildDriver();\nloginPage = new LoginPage(driver);\nlistPage = new MeasurementsListPage(driver);\nformPage = new MeasurementFormPage(driver);",
              "err": {},
              "uuid": "cd011960-3708-4b81-bd4c-f41585f2faae",
              "parentUUID": "367fc2f4-cb5c-454f-9b9f-e6bc6edbf0cd",
              "isHook": true,
              "skipped": false
            },
            {
              "title": "\"before each\" hook in \"HU-4 | Actualizar medicion corporal\"",
              "fullTitle": "HU-4 | Actualizar medicion corporal \"before each\" hook in \"HU-4 | Actualizar medicion corporal\"",
              "timedOut": false,
              "duration": 818,
              "state": null,
              "speed": null,
              "pass": false,
              "fail": false,
              "pending": false,
              "context": null,
              "code": "await resetState('default');\nawait loginPage.open();\nawait loginPage.login(CREDENCIALES.usuario, CREDENCIALES.password);\nawait listPage.esperarCarga();",
              "err": {},
              "uuid": "95706d0e-49ac-4755-88f4-9cd27511dec2",
              "parentUUID": "367fc2f4-cb5c-454f-9b9f-e6bc6edbf0cd",
              "isHook": true,
              "skipped": false
            }
          ],
          "afterHooks": [
            {
              "title": "\"after all\" hook in \"HU-4 | Actualizar medicion corporal\"",
              "fullTitle": "HU-4 | Actualizar medicion corporal \"after all\" hook in \"HU-4 | Actualizar medicion corporal\"",
              "timedOut": false,
              "duration": 98,
              "state": null,
              "speed": null,
              "pass": false,
              "fail": false,
              "pending": false,
              "context": null,
              "code": "await driver.quit();",
              "err": {},
              "uuid": "5f054116-f823-4bd9-ae29-8c55a7c60938",
              "parentUUID": "367fc2f4-cb5c-454f-9b9f-e6bc6edbf0cd",
              "isHook": true,
              "skipped": false
            },
            {
              "title": "\"after each\" hook in \"HU-4 | Actualizar medicion corporal\"",
              "fullTitle": "HU-4 | Actualizar medicion corporal \"after each\" hook in \"HU-4 | Actualizar medicion corporal\"",
              "timedOut": false,
              "duration": 95,
              "state": null,
              "speed": null,
              "pass": false,
              "fail": false,
              "pending": false,
              "context": null,
              "code": "await captureScreenshot(driver, this);",
              "err": {},
              "uuid": "9f1f86a9-9429-48f3-bd6c-c5d40c97ba3a",
              "parentUUID": "367fc2f4-cb5c-454f-9b9f-e6bc6edbf0cd",
              "isHook": true,
              "skipped": false
            }
          ],
          "tests": [
            {
              "title": "Camino feliz: actualiza el peso y el objetivo, y se refleja en el listado",
              "fullTitle": "HU-4 | Actualizar medicion corporal Camino feliz: actualiza el peso y el objetivo, y se refleja en el listado",
              "timedOut": false,
              "duration": 645,
              "state": "passed",
              "speed": "slow",
              "pass": true,
              "fail": false,
              "pending": false,
              "context": "{\n  \"title\": \"Captura de pantalla (OK)\",\n  \"value\": \"../../screenshots/hu_4_actualizar_medicion_corporal_camino_feliz_actualiza_el_peso_y_el_objetivo_y_se_refleja_en_el_listado__OK.png\"\n}",
              "code": "await listPage.clickEditar(1);\nawait formPage.llenarFormulario({ weightLb: 199, goal: 'subir' });\nawait formPage.guardar();\nexpect(await listPage.getFlashExito()).to.equal('Medicion actualizada exitosamente');\nexpect(await listPage.getPesos()).to.include('199');\nexpect(await listPage.getObjetivos()).to.include('subir');",
              "err": {},
              "uuid": "d0ad77b1-2aa3-4081-b9ec-8729594b575a",
              "parentUUID": "367fc2f4-cb5c-454f-9b9f-e6bc6edbf0cd",
              "isHook": false,
              "skipped": false
            },
            {
              "title": "Prueba negativa: rechaza un peso no numerico y conserva el valor original",
              "fullTitle": "HU-4 | Actualizar medicion corporal Prueba negativa: rechaza un peso no numerico y conserva el valor original",
              "timedOut": false,
              "duration": 579,
              "state": "passed",
              "speed": "slow",
              "pass": true,
              "fail": false,
              "pending": false,
              "context": "{\n  \"title\": \"Captura de pantalla (OK)\",\n  \"value\": \"../../screenshots/hu_4_actualizar_medicion_corporal_prueba_negativa_rechaza_un_peso_no_numerico_y_conserva_el_valor_original__OK.png\"\n}",
              "code": "await listPage.clickEditar(1);\nawait formPage.llenarFormulario({ weightLb: 'abc' });\nawait formPage.guardar();\nexpect(await formPage.getErrorCampo('weightLb')).to.equal('El peso debe estar entre 50 y 700 lb');\nawait listPage.open();\nexpect(await listPage.getPesos()).to.include('195');",
              "err": {},
              "uuid": "909426fb-028b-4d8e-b119-2d9d073e55e3",
              "parentUUID": "367fc2f4-cb5c-454f-9b9f-e6bc6edbf0cd",
              "isHook": false,
              "skipped": false
            },
            {
              "title": "Prueba de limites: acepta la fecha de hoy y rechaza una fecha futura",
              "fullTitle": "HU-4 | Actualizar medicion corporal Prueba de limites: acepta la fecha de hoy y rechaza una fecha futura",
              "timedOut": false,
              "duration": 720,
              "state": "passed",
              "speed": "slow",
              "pass": true,
              "fail": false,
              "pending": false,
              "context": "{\n  \"title\": \"Captura de pantalla (OK)\",\n  \"value\": \"../../screenshots/hu_4_actualizar_medicion_corporal_prueba_de_limites_acepta_la_fecha_de_hoy_y_rechaza_una_fecha_futura__OK.png\"\n}",
              "code": "await listPage.clickEditar(1);\nawait formPage.llenarFormulario({ date: fechaISO(0) });\nawait formPage.guardar();\nexpect(await listPage.getFlashExito()).to.equal('Medicion actualizada exitosamente');\nexpect(await listPage.getFechas()).to.include(fechaISO(0));\nawait listPage.clickEditar(1);\nawait formPage.llenarFormulario({ date: fechaISO(1) });\nawait formPage.guardar();\nexpect(await formPage.getErrorCampo('date')).to.equal('La fecha no puede ser futura');",
              "err": {},
              "uuid": "3e1cbca4-1be0-40a5-8505-99d01a81f6bc",
              "parentUUID": "367fc2f4-cb5c-454f-9b9f-e6bc6edbf0cd",
              "isHook": false,
              "skipped": false
            }
          ],
          "suites": [],
          "passes": [
            "d0ad77b1-2aa3-4081-b9ec-8729594b575a",
            "909426fb-028b-4d8e-b119-2d9d073e55e3",
            "3e1cbca4-1be0-40a5-8505-99d01a81f6bc"
          ],
          "failures": [],
          "pending": [],
          "skipped": [],
          "duration": 1944,
          "root": false,
          "rootEmpty": false,
          "_timeout": 30000
        },
        {
          "uuid": "b906a368-079c-4349-94b1-57eed1eeb721",
          "title": "HU-5 | Eliminar medicion corporal",
          "fullFile": "C:\\Users\\guzma\\OneDrive\\Desktop\\Tarea4-p3\\test\\e2e\\05-delete-measurement.test.js",
          "file": "\\test\\e2e\\05-delete-measurement.test.js",
          "beforeHooks": [
            {
              "title": "\"before all\" hook in \"HU-5 | Eliminar medicion corporal\"",
              "fullTitle": "HU-5 | Eliminar medicion corporal \"before all\" hook in \"HU-5 | Eliminar medicion corporal\"",
              "timedOut": false,
              "duration": 974,
              "state": null,
              "speed": null,
              "pass": false,
              "fail": false,
              "pending": false,
              "context": null,
              "code": "driver = await buildDriver();\nloginPage = new LoginPage(driver);\nlistPage = new MeasurementsListPage(driver);\nconfirmPage = new ConfirmDeletePage(driver);",
              "err": {},
              "uuid": "e6ad88d0-8d45-4c1e-aaa5-dfe4ddedc6bf",
              "parentUUID": "b906a368-079c-4349-94b1-57eed1eeb721",
              "isHook": true,
              "skipped": false
            }
          ],
          "afterHooks": [
            {
              "title": "\"after all\" hook in \"HU-5 | Eliminar medicion corporal\"",
              "fullTitle": "HU-5 | Eliminar medicion corporal \"after all\" hook in \"HU-5 | Eliminar medicion corporal\"",
              "timedOut": false,
              "duration": 103,
              "state": null,
              "speed": null,
              "pass": false,
              "fail": false,
              "pending": false,
              "context": null,
              "code": "await driver.quit();",
              "err": {},
              "uuid": "aba89faf-6500-4ef2-8030-8ab8cf739a8f",
              "parentUUID": "b906a368-079c-4349-94b1-57eed1eeb721",
              "isHook": true,
              "skipped": false
            },
            {
              "title": "\"after each\" hook in \"HU-5 | Eliminar medicion corporal\"",
              "fullTitle": "HU-5 | Eliminar medicion corporal \"after each\" hook in \"HU-5 | Eliminar medicion corporal\"",
              "timedOut": false,
              "duration": 88,
              "state": null,
              "speed": null,
              "pass": false,
              "fail": false,
              "pending": false,
              "context": null,
              "code": "await captureScreenshot(driver, this);",
              "err": {},
              "uuid": "ba5931ae-4573-4bef-9ec0-ad67e477baf1",
              "parentUUID": "b906a368-079c-4349-94b1-57eed1eeb721",
              "isHook": true,
              "skipped": false
            }
          ],
          "tests": [
            {
              "title": "Camino feliz: al confirmar, elimina la medicion del listado",
              "fullTitle": "HU-5 | Eliminar medicion corporal Camino feliz: al confirmar, elimina la medicion del listado",
              "timedOut": false,
              "duration": 1277,
              "state": "passed",
              "speed": "slow",
              "pass": true,
              "fail": false,
              "pending": false,
              "context": "{\n  \"title\": \"Captura de pantalla (OK)\",\n  \"value\": \"../../screenshots/hu_5_eliminar_medicion_corporal_camino_feliz_al_confirmar_elimina_la_medicion_del_listado__OK.png\"\n}",
              "code": "await resetState('default');\nawait iniciarSesion();\nconst filasAntes = await listPage.contarFilas();\nawait listPage.clickEliminar(1);\nawait confirmPage.confirmar();\nexpect(await listPage.getFlashExito()).to.equal('Medicion eliminada exitosamente');\nexpect(await listPage.contarFilas()).to.equal(filasAntes - 1);",
              "err": {},
              "uuid": "bde4e6ca-4180-4815-9bf9-13d6d47eebfd",
              "parentUUID": "b906a368-079c-4349-94b1-57eed1eeb721",
              "isHook": false,
              "skipped": false
            },
            {
              "title": "Prueba negativa: al cancelar, la medicion se conserva sin cambios",
              "fullTitle": "HU-5 | Eliminar medicion corporal Prueba negativa: al cancelar, la medicion se conserva sin cambios",
              "timedOut": false,
              "duration": 996,
              "state": "passed",
              "speed": "slow",
              "pass": true,
              "fail": false,
              "pending": false,
              "context": "{\n  \"title\": \"Captura de pantalla (OK)\",\n  \"value\": \"../../screenshots/hu_5_eliminar_medicion_corporal_prueba_negativa_al_cancelar_la_medicion_se_conserva_sin_cambios__OK.png\"\n}",
              "code": "await resetState('default');\nawait iniciarSesion();\nconst filasAntes = await listPage.contarFilas();\nawait listPage.clickEliminar(2);\nawait confirmPage.cancelar();\nawait listPage.esperarCarga();\nexpect(await listPage.contarFilas()).to.equal(filasAntes);",
              "err": {},
              "uuid": "71f3e1ee-5c04-4b24-93b4-a96a8b050de6",
              "parentUUID": "b906a368-079c-4349-94b1-57eed1eeb721",
              "isHook": false,
              "skipped": false
            },
            {
              "title": "Prueba de limites: al eliminar la unica medicion muestra el estado vacio controlado",
              "fullTitle": "HU-5 | Eliminar medicion corporal Prueba de limites: al eliminar la unica medicion muestra el estado vacio controlado",
              "timedOut": false,
              "duration": 1109,
              "state": "passed",
              "speed": "slow",
              "pass": true,
              "fail": false,
              "pending": false,
              "context": "{\n  \"title\": \"Captura de pantalla (OK)\",\n  \"value\": \"../../screenshots/hu_5_eliminar_medicion_corporal_prueba_de_limites_al_eliminar_la_unica_medicion_muestra_el_estado_vacio_controlado__OK.png\"\n}",
              "code": "await resetState('single');\nawait iniciarSesion();\nexpect(await listPage.contarFilas()).to.equal(1);\nawait listPage.clickEliminar(1);\nawait confirmPage.confirmar();\nexpect(await listPage.getEstadoVacio()).to.equal('No hay mediciones registradas');\nexpect(await listPage.existeTabla()).to.equal(false);",
              "err": {},
              "uuid": "404a14b3-b5c7-47d8-aaa6-9fabefbd74b7",
              "parentUUID": "b906a368-079c-4349-94b1-57eed1eeb721",
              "isHook": false,
              "skipped": false
            }
          ],
          "suites": [],
          "passes": [
            "bde4e6ca-4180-4815-9bf9-13d6d47eebfd",
            "71f3e1ee-5c04-4b24-93b4-a96a8b050de6",
            "404a14b3-b5c7-47d8-aaa6-9fabefbd74b7"
          ],
          "failures": [],
          "pending": [],
          "skipped": [],
          "duration": 3382,
          "root": false,
          "rootEmpty": false,
          "_timeout": 30000
        }
      ],
      "passes": [],
      "failures": [],
      "pending": [],
      "skipped": [],
      "duration": 0,
      "root": true,
      "rootEmpty": true,
      "_timeout": 30000
    }
  ],
  "meta": {
    "mocha": {
      "version": "10.8.2"
    },
    "mochawesome": {
      "options": {
        "quiet": false,
        "reportFilename": "index",
        "saveHtml": true,
        "saveJson": true,
        "consoleReporter": "spec",
        "useInlineDiffs": false,
        "code": true
      },
      "version": "7.1.4"
    },
    "marge": {
      "options": {
        "reportDir": "reports/mochawesome",
        "reportFilename": "index",
        "reportTitle": "NutriMacros - Pruebas Automatizadas con Selenium WebDriver",
        "reportPageTitle": "NutriMacros - Reporte de Pruebas",
        "overwrite": "true",
        "html": "true",
        "json": "true",
        "charts": "true",
        "code": "true"
      },
      "version": "6.3.2"
    }
  }
}