{
  "stats": {
    "suites": 5,
    "tests": 15,
    "passes": 15,
    "pending": 0,
    "failures": 0,
    "start": "2026-08-05T23:51:15.488Z",
    "end": "2026-08-05T23:51:38.620Z",
    "duration": 23132,
    "testsRegistered": 15,
    "passPercent": 100,
    "pendingPercent": 0,
    "other": 0,
    "hasOther": false,
    "skipped": 0,
    "hasSkipped": false
  },
  "results": [
    {
      "uuid": "f559e778-dbb1-4c4d-ac16-4252d2238f58",
      "title": "",
      "fullFile": "",
      "file": "",
      "beforeHooks": [
        {
          "title": "\"before all\" hook: beforeAll in \"{root}\"",
          "fullTitle": "\"before all\" hook: beforeAll in \"{root}\"",
          "timedOut": false,
          "duration": 5,
          "state": null,
          "speed": null,
          "pass": false,
          "fail": false,
          "pending": false,
          "context": null,
          "code": "server = app.listen(PORT, done);",
          "err": {},
          "uuid": "e5ce9598-c492-455f-8940-80f4a6ab2529",
          "parentUUID": "f559e778-dbb1-4c4d-ac16-4252d2238f58",
          "isHook": true,
          "skipped": false
        }
      ],
      "afterHooks": [
        {
          "title": "\"after all\" hook: afterAll in \"{root}\"",
          "fullTitle": "\"after all\" hook: afterAll in \"{root}\"",
          "timedOut": false,
          "duration": 1,
          "state": null,
          "speed": null,
          "pass": false,
          "fail": false,
          "pending": false,
          "context": null,
          "code": "server.close(done);",
          "err": {},
          "uuid": "c0bc60d5-27fe-40f9-a7eb-992c0f981239",
          "parentUUID": "f559e778-dbb1-4c4d-ac16-4252d2238f58",
          "isHook": true,
          "skipped": false
        }
      ],
      "tests": [],
      "suites": [
        {
          "uuid": "6e5c0f84-3ac4-4d34-a0a1-507edae362f8",
          "title": "HU-1 | Inicio de sesion",
          "fullFile": "C:\\Users\\guzma\\OneDrive\\Desktop\\Tarea4-p3\\test\\e2e\\01-login.test.js",
          "file": "\\test\\e2e\\01-login.test.js",
          "beforeHooks": [
            {
              "title": "\"before all\" hook in \"HU-1 | Inicio de sesion\"",
              "fullTitle": "HU-1 | Inicio de sesion \"before all\" hook in \"HU-1 | Inicio de sesion\"",
              "timedOut": false,
              "duration": 1157,
              "state": null,
              "speed": null,
              "pass": false,
              "fail": false,
              "pending": false,
              "context": null,
              "code": "await resetState('default');\ndriver = await buildDriver();\nloginPage = new LoginPage(driver);",
              "err": {},
              "uuid": "7db2c6a2-3dd1-489e-9af1-a6088280ddf4",
              "parentUUID": "6e5c0f84-3ac4-4d34-a0a1-507edae362f8",
              "isHook": true,
              "skipped": false
            },
            {
              "title": "\"before each\" hook in \"HU-1 | Inicio de sesion\"",
              "fullTitle": "HU-1 | Inicio de sesion \"before each\" hook in \"HU-1 | Inicio de sesion\"",
              "timedOut": false,
              "duration": 113,
              "state": null,
              "speed": null,
              "pass": false,
              "fail": false,
              "pending": false,
              "context": null,
              "code": "await loginPage.open();",
              "err": {},
              "uuid": "e1c11998-7e6e-40d5-a73e-3e54882b4c26",
              "parentUUID": "6e5c0f84-3ac4-4d34-a0a1-507edae362f8",
              "isHook": true,
              "skipped": false
            }
          ],
          "afterHooks": [
            {
              "title": "\"after all\" hook in \"HU-1 | Inicio de sesion\"",
              "fullTitle": "HU-1 | Inicio de sesion \"after all\" hook in \"HU-1 | Inicio de sesion\"",
              "timedOut": false,
              "duration": 152,
              "state": null,
              "speed": null,
              "pass": false,
              "fail": false,
              "pending": false,
              "context": null,
              "code": "await driver.quit();",
              "err": {},
              "uuid": "7450267b-52a1-4b58-92ef-02e8baf191d7",
              "parentUUID": "6e5c0f84-3ac4-4d34-a0a1-507edae362f8",
              "isHook": true,
              "skipped": false
            },
            {
              "title": "\"after each\" hook in \"HU-1 | Inicio de sesion\"",
              "fullTitle": "HU-1 | Inicio de sesion \"after each\" hook in \"HU-1 | Inicio de sesion\"",
              "timedOut": false,
              "duration": 90,
              "state": null,
              "speed": null,
              "pass": false,
              "fail": false,
              "pending": false,
              "context": null,
              "code": "await captureScreenshot(driver, this);",
              "err": {},
              "uuid": "49f541ff-ab84-42d7-b475-4444ed75ad44",
              "parentUUID": "6e5c0f84-3ac4-4d34-a0a1-507edae362f8",
              "isHook": true,
              "skipped": false
            }
          ],
          "tests": [
            {
              "title": "Camino feliz: con credenciales validas accede al listado de mediciones",
              "fullTitle": "HU-1 | Inicio de sesion Camino feliz: con credenciales validas accede al listado de mediciones",
              "timedOut": false,
              "duration": 642,
              "state": "passed",
              "speed": "slow",
              "pass": true,
              "fail": false,
              "pending": false,
              "context": "{\n  \"title\": \"Captura de pantalla (OK)\",\n  \"value\": \"../../screenshots/hu_1_inicio_de_sesion_camino_feliz_con_credenciales_validas_accede_al_listado_de_mediciones__OK.png\"\n}",
              "code": "await loginPage.login(CREDENCIALES.usuario, CREDENCIALES.password);\nconst url = await driver.getCurrentUrl();\nexpect(url).to.include('/measurements');",
              "err": {},
              "uuid": "37906b9f-5f95-4be4-9034-f6ee65cea2e2",
              "parentUUID": "6e5c0f84-3ac4-4d34-a0a1-507edae362f8",
              "isHook": false,
              "skipped": false
            },
            {
              "title": "Prueba negativa: con contrasena incorrecta muestra error y no inicia sesion",
              "fullTitle": "HU-1 | Inicio de sesion Prueba negativa: con contrasena incorrecta muestra error y no inicia sesion",
              "timedOut": false,
              "duration": 514,
              "state": "passed",
              "speed": "slow",
              "pass": true,
              "fail": false,
              "pending": false,
              "context": "{\n  \"title\": \"Captura de pantalla (OK)\",\n  \"value\": \"../../screenshots/hu_1_inicio_de_sesion_prueba_negativa_con_contrasena_incorrecta_muestra_error_y_no_inicia_sesion__OK.png\"\n}",
              "code": "await loginPage.login(CREDENCIALES.usuario, 'ClaveIncorrecta999');\nexpect(await loginPage.getMensajeError()).to.equal('Usuario o contrasena incorrectos');\nexpect(await driver.getCurrentUrl()).to.include('/login');",
              "err": {},
              "uuid": "6b63e7d3-2d5a-4d97-891f-e45647469012",
              "parentUUID": "6e5c0f84-3ac4-4d34-a0a1-507edae362f8",
              "isHook": false,
              "skipped": false
            },
            {
              "title": "Prueba de limites: con contrasena vacia (0 caracteres) exige el campo y permanece en login",
              "fullTitle": "HU-1 | Inicio de sesion Prueba de limites: con contrasena vacia (0 caracteres) exige el campo y permanece en login",
              "timedOut": false,
              "duration": 314,
              "state": "passed",
              "speed": "slow",
              "pass": true,
              "fail": false,
              "pending": false,
              "context": "{\n  \"title\": \"Captura de pantalla (OK)\",\n  \"value\": \"../../screenshots/hu_1_inicio_de_sesion_prueba_de_limites_con_contrasena_vacia_0_caracteres_exige_el_campo_y_permanece_en_login__OK.png\"\n}",
              "code": "await loginPage.login(CREDENCIALES.usuario, '');\nexpect(await loginPage.getMensajeError()).to.equal('La contrasena es requerida');\nexpect(await driver.getCurrentUrl()).to.include('/login');",
              "err": {},
              "uuid": "7964d956-3598-4c8a-b206-60414b16e3c0",
              "parentUUID": "6e5c0f84-3ac4-4d34-a0a1-507edae362f8",
              "isHook": false,
              "skipped": false
            }
          ],
          "suites": [],
          "passes": [
            "37906b9f-5f95-4be4-9034-f6ee65cea2e2",
            "6b63e7d3-2d5a-4d97-891f-e45647469012",
            "7964d956-3598-4c8a-b206-60414b16e3c0"
          ],
          "failures": [],
          "pending": [],
          "skipped": [],
          "duration": 1470,
          "root": false,
          "rootEmpty": false,
          "_timeout": 30000
        },
        {
          "uuid": "a4604041-1f01-434b-bbd4-81dbe9f995b0",
          "title": "HU-2 | Registrar medicion corporal",
          "fullFile": "C:\\Users\\guzma\\OneDrive\\Desktop\\Tarea4-p3\\test\\e2e\\02-create-measurement.test.js",
          "file": "\\test\\e2e\\02-create-measurement.test.js",
          "beforeHooks": [
            {
              "title": "\"before all\" hook in \"HU-2 | Registrar medicion corporal\"",
              "fullTitle": "HU-2 | Registrar medicion corporal \"before all\" hook in \"HU-2 | Registrar medicion corporal\"",
              "timedOut": false,
              "duration": 1898,
              "state": null,
              "speed": null,
              "pass": false,
              "fail": false,
              "pending": false,
              "context": null,
              "code": "await resetState('default');\ndriver = await buildDriver();\nlistPage = new MeasurementsListPage(driver);\nformPage = new MeasurementFormPage(driver);\nconst loginPage = new LoginPage(driver);\nawait loginPage.open();\nawait loginPage.login(CREDENCIALES.usuario, CREDENCIALES.password);\nawait listPage.esperarCarga();",
              "err": {},
              "uuid": "f6be0721-b804-40cc-8efa-26fbd267f9f9",
              "parentUUID": "a4604041-1f01-434b-bbd4-81dbe9f995b0",
              "isHook": true,
              "skipped": false
            }
          ],
          "afterHooks": [
            {
              "title": "\"after all\" hook in \"HU-2 | Registrar medicion corporal\"",
              "fullTitle": "HU-2 | Registrar medicion corporal \"after all\" hook in \"HU-2 | Registrar medicion corporal\"",
              "timedOut": false,
              "duration": 111,
              "state": null,
              "speed": null,
              "pass": false,
              "fail": false,
              "pending": false,
              "context": null,
              "code": "await driver.quit();",
              "err": {},
              "uuid": "b176251f-afbc-474d-9e78-7e0c539bf561",
              "parentUUID": "a4604041-1f01-434b-bbd4-81dbe9f995b0",
              "isHook": true,
              "skipped": false
            },
            {
              "title": "\"after each\" hook in \"HU-2 | Registrar medicion corporal\"",
              "fullTitle": "HU-2 | Registrar medicion corporal \"after each\" hook in \"HU-2 | Registrar medicion corporal\"",
              "timedOut": false,
              "duration": 80,
              "state": null,
              "speed": null,
              "pass": false,
              "fail": false,
              "pending": false,
              "context": null,
              "code": "await captureScreenshot(driver, this);",
              "err": {},
              "uuid": "12acee9b-4dc9-4ead-943d-62b4d1dd71e2",
              "parentUUID": "a4604041-1f01-434b-bbd4-81dbe9f995b0",
              "isHook": true,
              "skipped": false
            }
          ],
          "tests": [
            {
              "title": "Camino feliz: registra una medicion valida y aparece en el listado",
              "fullTitle": "HU-2 | Registrar medicion corporal Camino feliz: registra una medicion valida y aparece en el listado",
              "timedOut": false,
              "duration": 1183,
              "state": "passed",
              "speed": "slow",
              "pass": true,
              "fail": false,
              "pending": false,
              "context": "{\n  \"title\": \"Captura de pantalla (OK)\",\n  \"value\": \"../../screenshots/hu_2_registrar_medicion_corporal_camino_feliz_registra_una_medicion_valida_y_aparece_en_el_listado__OK.png\"\n}",
              "code": "await listPage.open();\nconst filasAntes = await listPage.contarFilas();\nawait listPage.clickNuevaMedicion();\nawait formPage.llenarFormulario({\n  date: fechaISO(0),\n  weightLb: 176,\n  heightIn: 70,\n  chestCm: 99,\n  armCm: 38,\n  goal: 'subir',\n});\nawait formPage.guardar();\nexpect(await listPage.getFlashExito()).to.equal('Medicion registrada exitosamente');\nexpect(await listPage.contarFilas()).to.equal(filasAntes + 1);\nexpect(await listPage.getPesos()).to.include('176');",
              "err": {},
              "uuid": "88cef790-2897-4a5e-87f4-ba6db766a1ed",
              "parentUUID": "a4604041-1f01-434b-bbd4-81dbe9f995b0",
              "isHook": false,
              "skipped": false
            },
            {
              "title": "Prueba negativa: rechaza el peso vacio y no crea el registro",
              "fullTitle": "HU-2 | Registrar medicion corporal Prueba negativa: rechaza el peso vacio y no crea el registro",
              "timedOut": false,
              "duration": 743,
              "state": "passed",
              "speed": "slow",
              "pass": true,
              "fail": false,
              "pending": false,
              "context": "{\n  \"title\": \"Captura de pantalla (OK)\",\n  \"value\": \"../../screenshots/hu_2_registrar_medicion_corporal_prueba_negativa_rechaza_el_peso_vacio_y_no_crea_el_registro__OK.png\"\n}",
              "code": "await listPage.open();\nconst filasAntes = await listPage.contarFilas();\nawait listPage.clickNuevaMedicion();\nawait formPage.llenarFormulario({\n  date: fechaISO(0),\n  weightLb: '',\n  heightIn: 70,\n  chestCm: 99,\n  armCm: 38,\n  goal: 'mantener',\n});\nawait formPage.guardar();\nexpect(await formPage.getErrorCampo('weightLb')).to.equal('El peso debe estar entre 50 y 700 lb');\nawait listPage.open();\nexpect(await listPage.contarFilas()).to.equal(filasAntes);",
              "err": {},
              "uuid": "f6759b66-f138-42dd-8a24-b3e97f9db3e9",
              "parentUUID": "a4604041-1f01-434b-bbd4-81dbe9f995b0",
              "isHook": false,
              "skipped": false
            },
            {
              "title": "Prueba de limites: acepta el peso minimo de 50 lb y rechaza 49 lb",
              "fullTitle": "HU-2 | Registrar medicion corporal Prueba de limites: acepta el peso minimo de 50 lb y rechaza 49 lb",
              "timedOut": false,
              "duration": 1655,
              "state": "passed",
              "speed": "slow",
              "pass": true,
              "fail": false,
              "pending": false,
              "context": "{\n  \"title\": \"Captura de pantalla (OK)\",\n  \"value\": \"../../screenshots/hu_2_registrar_medicion_corporal_prueba_de_limites_acepta_el_peso_minimo_de_50_lb_y_rechaza_49_lb__OK.png\"\n}",
              "code": "await listPage.open();\nconst filasAntes = await listPage.contarFilas();\nawait listPage.clickNuevaMedicion();\nawait formPage.llenarFormulario({\n  date: fechaISO(0),\n  weightLb: 50,\n  heightIn: 70,\n  chestCm: 99,\n  armCm: 38,\n  goal: 'subir',\n});\nawait formPage.guardar();\nexpect(await listPage.getFlashExito()).to.equal('Medicion registrada exitosamente');\nexpect(await listPage.contarFilas()).to.equal(filasAntes + 1);\nexpect(await listPage.getPesos()).to.include('50');\nawait listPage.clickNuevaMedicion();\nawait formPage.llenarFormulario({\n  date: fechaISO(0),\n  weightLb: 49,\n  heightIn: 70,\n  chestCm: 99,\n  armCm: 38,\n  goal: 'subir',\n});\nawait formPage.guardar();\nexpect(await formPage.getErrorCampo('weightLb')).to.equal('El peso debe estar entre 50 y 700 lb');\nawait listPage.open();\nexpect(await listPage.contarFilas()).to.equal(filasAntes + 1);",
              "err": {},
              "uuid": "5f94a20a-1932-49d0-988c-9566768e73cc",
              "parentUUID": "a4604041-1f01-434b-bbd4-81dbe9f995b0",
              "isHook": false,
              "skipped": false
            }
          ],
          "suites": [],
          "passes": [
            "88cef790-2897-4a5e-87f4-ba6db766a1ed",
            "f6759b66-f138-42dd-8a24-b3e97f9db3e9",
            "5f94a20a-1932-49d0-988c-9566768e73cc"
          ],
          "failures": [],
          "pending": [],
          "skipped": [],
          "duration": 3581,
          "root": false,
          "rootEmpty": false,
          "_timeout": 30000
        },
        {
          "uuid": "5403fe04-09a2-4bc6-b2e7-12e76bfac69f",
          "title": "HU-3 | Consultar mediciones y plan nutricional",
          "fullFile": "C:\\Users\\guzma\\OneDrive\\Desktop\\Tarea4-p3\\test\\e2e\\03-read-measurements.test.js",
          "file": "\\test\\e2e\\03-read-measurements.test.js",
          "beforeHooks": [
            {
              "title": "\"before all\" hook in \"HU-3 | Consultar mediciones y plan nutricional\"",
              "fullTitle": "HU-3 | Consultar mediciones y plan nutricional \"before all\" hook in \"HU-3 | Consultar mediciones y plan nutricional\"",
              "timedOut": false,
              "duration": 924,
              "state": null,
              "speed": null,
              "pass": false,
              "fail": false,
              "pending": false,
              "context": null,
              "code": "driver = await buildDriver();\nloginPage = new LoginPage(driver);\nlistPage = new MeasurementsListPage(driver);\nnutritionPage = new NutritionPlanPage(driver);",
              "err": {},
              "uuid": "326ec5a0-2012-49ee-8318-db7aee7d805e",
              "parentUUID": "5403fe04-09a2-4bc6-b2e7-12e76bfac69f",
              "isHook": true,
              "skipped": false
            }
          ],
          "afterHooks": [
            {
              "title": "\"after all\" hook in \"HU-3 | Consultar mediciones y plan nutricional\"",
              "fullTitle": "HU-3 | Consultar mediciones y plan nutricional \"after all\" hook in \"HU-3 | Consultar mediciones y plan nutricional\"",
              "timedOut": false,
              "duration": 151,
              "state": null,
              "speed": null,
              "pass": false,
              "fail": false,
              "pending": false,
              "context": null,
              "code": "await driver.quit();",
              "err": {},
              "uuid": "060b594b-6c15-48aa-8f47-a50dcde85c86",
              "parentUUID": "5403fe04-09a2-4bc6-b2e7-12e76bfac69f",
              "isHook": true,
              "skipped": false
            },
            {
              "title": "\"after each\" hook in \"HU-3 | Consultar mediciones y plan nutricional\"",
              "fullTitle": "HU-3 | Consultar mediciones y plan nutricional \"after each\" hook in \"HU-3 | Consultar mediciones y plan nutricional\"",
              "timedOut": false,
              "duration": 113,
              "state": null,
              "speed": null,
              "pass": false,
              "fail": false,
              "pending": false,
              "context": null,
              "code": "await captureScreenshot(driver, this);",
              "err": {},
              "uuid": "23e956fb-1d44-40f6-9dec-d2eb502fa1b8",
              "parentUUID": "5403fe04-09a2-4bc6-b2e7-12e76bfac69f",
              "isHook": true,
              "skipped": false
            }
          ],
          "tests": [
            {
              "title": "Camino feliz: lista las mediciones sembradas y calcula el plan dentro del presupuesto",
              "fullTitle": "HU-3 | Consultar mediciones y plan nutricional Camino feliz: lista las mediciones sembradas y calcula el plan dentro del presupuesto",
              "timedOut": false,
              "duration": 1449,
              "state": "passed",
              "speed": "slow",
              "pass": true,
              "fail": false,
              "pending": false,
              "context": "{\n  \"title\": \"Captura de pantalla (OK)\",\n  \"value\": \"../../screenshots/hu_3_consultar_mediciones_y_plan_nutricional_camino_feliz_lista_las_mediciones_sembradas_y_calcula_el_plan_dentro_del_pr__OK.png\"\n}",
              "code": "await resetState('default');\nawait iniciarSesion();\nexpect(await listPage.contarFilas()).to.equal(3);\nawait nutritionPage.open();\nawait nutritionPage.calcular(2500);\nconst macros = await nutritionPage.getMacros();\nexpect(macros.kcal).to.be.greaterThan(0);\nexpect(macros.proteinaG).to.be.greaterThan(0);\nexpect(await nutritionPage.contarSugerencias()).to.be.greaterThan(0);",
              "err": {},
              "uuid": "bf78ea68-8692-4add-a392-14e4ee37da23",
              "parentUUID": "5403fe04-09a2-4bc6-b2e7-12e76bfac69f",
              "isHook": false,
              "skipped": false
            },
            {
              "title": "Prueba negativa: sin sesion iniciada redirige al login",
              "fullTitle": "HU-3 | Consultar mediciones y plan nutricional Prueba negativa: sin sesion iniciada redirige al login",
              "timedOut": false,
              "duration": 82,
              "state": "passed",
              "speed": "slow",
              "pass": true,
              "fail": false,
              "pending": false,
              "context": "{\n  \"title\": \"Captura de pantalla (OK)\",\n  \"value\": \"../../screenshots/hu_3_consultar_mediciones_y_plan_nutricional_prueba_negativa_sin_sesion_iniciada_redirige_al_login__OK.png\"\n}",
              "code": "await driver.manage().deleteAllCookies();\nawait driver.get(`${BASE_URL}/measurements`);\nexpect(await driver.getCurrentUrl()).to.include('/login');",
              "err": {},
              "uuid": "287f94f5-2508-40c8-a0e3-a619b03d7dac",
              "parentUUID": "5403fe04-09a2-4bc6-b2e7-12e76bfac69f",
              "isHook": false,
              "skipped": false
            },
            {
              "title": "Prueba de limites: con presupuesto minimo de RD$1 no sugiere alimentos pero no falla",
              "fullTitle": "HU-3 | Consultar mediciones y plan nutricional Prueba de limites: con presupuesto minimo de RD$1 no sugiere alimentos pero no falla",
              "timedOut": false,
              "duration": 1047,
              "state": "passed",
              "speed": "slow",
              "pass": true,
              "fail": false,
              "pending": false,
              "context": "{\n  \"title\": \"Captura de pantalla (OK)\",\n  \"value\": \"../../screenshots/hu_3_consultar_mediciones_y_plan_nutricional_prueba_de_limites_con_presupuesto_minimo_de_rd_1_no_sugiere_alimentos_pero___OK.png\"\n}",
              "code": "await resetState('default');\nawait iniciarSesion();\nawait nutritionPage.open();\nawait nutritionPage.calcular(1);\nexpect(await nutritionPage.getMensajeSinSugerencias()).to.equal(\n  'No se encontraron alimentos dentro de tu presupuesto'\n);\nexpect(await nutritionPage.contarSugerencias()).to.equal(0);",
              "err": {},
              "uuid": "6d43df56-8f0c-48bc-ba5b-2bcfd3e9f610",
              "parentUUID": "5403fe04-09a2-4bc6-b2e7-12e76bfac69f",
              "isHook": false,
              "skipped": false
            }
          ],
          "suites": [],
          "passes": [
            "bf78ea68-8692-4add-a392-14e4ee37da23",
            "287f94f5-2508-40c8-a0e3-a619b03d7dac",
            "6d43df56-8f0c-48bc-ba5b-2bcfd3e9f610"
          ],
          "failures": [],
          "pending": [],
          "skipped": [],
          "duration": 2578,
          "root": false,
          "rootEmpty": false,
          "_timeout": 30000
        },
        {
          "uuid": "f0ecceb7-bad4-4843-bf11-0638f98c8bf2",
          "title": "HU-4 | Actualizar medicion corporal",
          "fullFile": "C:\\Users\\guzma\\OneDrive\\Desktop\\Tarea4-p3\\test\\e2e\\04-update-measurement.test.js",
          "file": "\\test\\e2e\\04-update-measurement.test.js",
          "beforeHooks": [
            {
              "title": "\"before all\" hook in \"HU-4 | Actualizar medicion corporal\"",
              "fullTitle": "HU-4 | Actualizar medicion corporal \"before all\" hook in \"HU-4 | Actualizar medicion corporal\"",
              "timedOut": false,
              "duration": 1036,
              "state": null,
              "speed": null,
              "pass": false,
              "fail": false,
              "pending": false,
              "context": null,
              "code": "driver = await buildDriver();\nloginPage = new LoginPage(driver);\nlistPage = new MeasurementsListPage(driver);\nformPage = new MeasurementFormPage(driver);",
              "err": {},
              "uuid": "af8704ca-97cf-4e25-a5b7-42db32095127",
              "parentUUID": "f0ecceb7-bad4-4843-bf11-0638f98c8bf2",
              "isHook": true,
              "skipped": false
            },
            {
              "title": "\"before each\" hook in \"HU-4 | Actualizar medicion corporal\"",
              "fullTitle": "HU-4 | Actualizar medicion corporal \"before each\" hook in \"HU-4 | Actualizar medicion corporal\"",
              "timedOut": false,
              "duration": 671,
              "state": null,
              "speed": null,
              "pass": false,
              "fail": false,
              "pending": false,
              "context": null,
              "code": "await resetState('default');\nawait loginPage.open();\nawait loginPage.login(CREDENCIALES.usuario, CREDENCIALES.password);\nawait listPage.esperarCarga();",
              "err": {},
              "uuid": "c56c372f-59e6-4948-a3d0-5f5e3833cbb9",
              "parentUUID": "f0ecceb7-bad4-4843-bf11-0638f98c8bf2",
              "isHook": true,
              "skipped": false
            }
          ],
          "afterHooks": [
            {
              "title": "\"after all\" hook in \"HU-4 | Actualizar medicion corporal\"",
              "fullTitle": "HU-4 | Actualizar medicion corporal \"after all\" hook in \"HU-4 | Actualizar medicion corporal\"",
              "timedOut": false,
              "duration": 84,
              "state": null,
              "speed": null,
              "pass": false,
              "fail": false,
              "pending": false,
              "context": null,
              "code": "await driver.quit();",
              "err": {},
              "uuid": "cacb0141-9870-45b3-a764-63a4e7f6fc2c",
              "parentUUID": "f0ecceb7-bad4-4843-bf11-0638f98c8bf2",
              "isHook": true,
              "skipped": false
            },
            {
              "title": "\"after each\" hook in \"HU-4 | Actualizar medicion corporal\"",
              "fullTitle": "HU-4 | Actualizar medicion corporal \"after each\" hook in \"HU-4 | Actualizar medicion corporal\"",
              "timedOut": false,
              "duration": 75,
              "state": null,
              "speed": null,
              "pass": false,
              "fail": false,
              "pending": false,
              "context": null,
              "code": "await captureScreenshot(driver, this);",
              "err": {},
              "uuid": "ffc8cc26-22b1-4232-ab3c-da6e21fe1109",
              "parentUUID": "f0ecceb7-bad4-4843-bf11-0638f98c8bf2",
              "isHook": true,
              "skipped": false
            }
          ],
          "tests": [
            {
              "title": "Camino feliz: actualiza el peso y el objetivo, y se refleja en el listado",
              "fullTitle": "HU-4 | Actualizar medicion corporal Camino feliz: actualiza el peso y el objetivo, y se refleja en el listado",
              "timedOut": false,
              "duration": 554,
              "state": "passed",
              "speed": "slow",
              "pass": true,
              "fail": false,
              "pending": false,
              "context": "{\n  \"title\": \"Captura de pantalla (OK)\",\n  \"value\": \"../../screenshots/hu_4_actualizar_medicion_corporal_camino_feliz_actualiza_el_peso_y_el_objetivo_y_se_refleja_en_el_listado__OK.png\"\n}",
              "code": "await listPage.clickEditar(1);\nawait formPage.llenarFormulario({ weightLb: 199, goal: 'subir' });\nawait formPage.guardar();\nexpect(await listPage.getFlashExito()).to.equal('Medicion actualizada exitosamente');\nexpect(await listPage.getPesos()).to.include('199');\nexpect(await listPage.getObjetivos()).to.include('subir');",
              "err": {},
              "uuid": "dbc9ba80-4611-4797-9887-9f1abb52b3e1",
              "parentUUID": "f0ecceb7-bad4-4843-bf11-0638f98c8bf2",
              "isHook": false,
              "skipped": false
            },
            {
              "title": "Prueba negativa: rechaza un peso no numerico y conserva el valor original",
              "fullTitle": "HU-4 | Actualizar medicion corporal Prueba negativa: rechaza un peso no numerico y conserva el valor original",
              "timedOut": false,
              "duration": 493,
              "state": "passed",
              "speed": "slow",
              "pass": true,
              "fail": false,
              "pending": false,
              "context": "{\n  \"title\": \"Captura de pantalla (OK)\",\n  \"value\": \"../../screenshots/hu_4_actualizar_medicion_corporal_prueba_negativa_rechaza_un_peso_no_numerico_y_conserva_el_valor_original__OK.png\"\n}",
              "code": "await listPage.clickEditar(1);\nawait formPage.llenarFormulario({ weightLb: 'abc' });\nawait formPage.guardar();\nexpect(await formPage.getErrorCampo('weightLb')).to.equal('El peso debe estar entre 50 y 700 lb');\nawait listPage.open();\nexpect(await listPage.getPesos()).to.include('195');",
              "err": {},
              "uuid": "62b7e690-c74f-4107-b3f0-3f65ba10146c",
              "parentUUID": "f0ecceb7-bad4-4843-bf11-0638f98c8bf2",
              "isHook": false,
              "skipped": false
            },
            {
              "title": "Prueba de limites: acepta la fecha de hoy y rechaza una fecha futura",
              "fullTitle": "HU-4 | Actualizar medicion corporal Prueba de limites: acepta la fecha de hoy y rechaza una fecha futura",
              "timedOut": false,
              "duration": 679,
              "state": "passed",
              "speed": "slow",
              "pass": true,
              "fail": false,
              "pending": false,
              "context": "{\n  \"title\": \"Captura de pantalla (OK)\",\n  \"value\": \"../../screenshots/hu_4_actualizar_medicion_corporal_prueba_de_limites_acepta_la_fecha_de_hoy_y_rechaza_una_fecha_futura__OK.png\"\n}",
              "code": "await listPage.clickEditar(1);\nawait formPage.llenarFormulario({ date: fechaISO(0) });\nawait formPage.guardar();\nexpect(await listPage.getFlashExito()).to.equal('Medicion actualizada exitosamente');\nexpect(await listPage.getFechas()).to.include(fechaISO(0));\nawait listPage.clickEditar(1);\nawait formPage.llenarFormulario({ date: fechaISO(1) });\nawait formPage.guardar();\nexpect(await formPage.getErrorCampo('date')).to.equal('La fecha no puede ser futura');",
              "err": {},
              "uuid": "51084cbd-ceea-430a-a212-d32d278b3abf",
              "parentUUID": "f0ecceb7-bad4-4843-bf11-0638f98c8bf2",
              "isHook": false,
              "skipped": false
            }
          ],
          "suites": [],
          "passes": [
            "dbc9ba80-4611-4797-9887-9f1abb52b3e1",
            "62b7e690-c74f-4107-b3f0-3f65ba10146c",
            "51084cbd-ceea-430a-a212-d32d278b3abf"
          ],
          "failures": [],
          "pending": [],
          "skipped": [],
          "duration": 1726,
          "root": false,
          "rootEmpty": false,
          "_timeout": 30000
        },
        {
          "uuid": "991491f0-1980-4514-ba0d-1a193044e553",
          "title": "HU-5 | Eliminar medicion corporal",
          "fullFile": "C:\\Users\\guzma\\OneDrive\\Desktop\\Tarea4-p3\\test\\e2e\\05-delete-measurement.test.js",
          "file": "\\test\\e2e\\05-delete-measurement.test.js",
          "beforeHooks": [
            {
              "title": "\"before all\" hook in \"HU-5 | Eliminar medicion corporal\"",
              "fullTitle": "HU-5 | Eliminar medicion corporal \"before all\" hook in \"HU-5 | Eliminar medicion corporal\"",
              "timedOut": false,
              "duration": 1035,
              "state": null,
              "speed": null,
              "pass": false,
              "fail": false,
              "pending": false,
              "context": null,
              "code": "driver = await buildDriver();\nloginPage = new LoginPage(driver);\nlistPage = new MeasurementsListPage(driver);\nconfirmPage = new ConfirmDeletePage(driver);",
              "err": {},
              "uuid": "013f42f8-269a-49d7-b176-99f4021234bf",
              "parentUUID": "991491f0-1980-4514-ba0d-1a193044e553",
              "isHook": true,
              "skipped": false
            }
          ],
          "afterHooks": [
            {
              "title": "\"after all\" hook in \"HU-5 | Eliminar medicion corporal\"",
              "fullTitle": "HU-5 | Eliminar medicion corporal \"after all\" hook in \"HU-5 | Eliminar medicion corporal\"",
              "timedOut": false,
              "duration": 110,
              "state": null,
              "speed": null,
              "pass": false,
              "fail": false,
              "pending": false,
              "context": null,
              "code": "await driver.quit();",
              "err": {},
              "uuid": "bacaae34-e800-4408-bcc4-8bfa819cce67",
              "parentUUID": "991491f0-1980-4514-ba0d-1a193044e553",
              "isHook": true,
              "skipped": false
            },
            {
              "title": "\"after each\" hook in \"HU-5 | Eliminar medicion corporal\"",
              "fullTitle": "HU-5 | Eliminar medicion corporal \"after each\" hook in \"HU-5 | Eliminar medicion corporal\"",
              "timedOut": false,
              "duration": 99,
              "state": null,
              "speed": null,
              "pass": false,
              "fail": false,
              "pending": false,
              "context": null,
              "code": "await captureScreenshot(driver, this);",
              "err": {},
              "uuid": "7f298ff2-b417-44ba-a425-42c021435d7b",
              "parentUUID": "991491f0-1980-4514-ba0d-1a193044e553",
              "isHook": true,
              "skipped": false
            }
          ],
          "tests": [
            {
              "title": "Camino feliz: al confirmar, elimina la medicion del listado",
              "fullTitle": "HU-5 | Eliminar medicion corporal Camino feliz: al confirmar, elimina la medicion del listado",
              "timedOut": false,
              "duration": 1244,
              "state": "passed",
              "speed": "slow",
              "pass": true,
              "fail": false,
              "pending": false,
              "context": "{\n  \"title\": \"Captura de pantalla (OK)\",\n  \"value\": \"../../screenshots/hu_5_eliminar_medicion_corporal_camino_feliz_al_confirmar_elimina_la_medicion_del_listado__OK.png\"\n}",
              "code": "await resetState('default');\nawait iniciarSesion();\nconst filasAntes = await listPage.contarFilas();\nawait listPage.clickEliminar(1);\nawait confirmPage.confirmar();\nexpect(await listPage.getFlashExito()).to.equal('Medicion eliminada exitosamente');\nexpect(await listPage.contarFilas()).to.equal(filasAntes - 1);",
              "err": {},
              "uuid": "90c448e0-c279-4b62-9069-4604578469e6",
              "parentUUID": "991491f0-1980-4514-ba0d-1a193044e553",
              "isHook": false,
              "skipped": false
            },
            {
              "title": "Prueba negativa: al cancelar, la medicion se conserva sin cambios",
              "fullTitle": "HU-5 | Eliminar medicion corporal Prueba negativa: al cancelar, la medicion se conserva sin cambios",
              "timedOut": false,
              "duration": 968,
              "state": "passed",
              "speed": "slow",
              "pass": true,
              "fail": false,
              "pending": false,
              "context": "{\n  \"title\": \"Captura de pantalla (OK)\",\n  \"value\": \"../../screenshots/hu_5_eliminar_medicion_corporal_prueba_negativa_al_cancelar_la_medicion_se_conserva_sin_cambios__OK.png\"\n}",
              "code": "await resetState('default');\nawait iniciarSesion();\nconst filasAntes = await listPage.contarFilas();\nawait listPage.clickEliminar(2);\nawait confirmPage.cancelar();\nawait listPage.esperarCarga();\nexpect(await listPage.contarFilas()).to.equal(filasAntes);",
              "err": {},
              "uuid": "f05d8fc1-16eb-4c77-8526-9d25f9f54c1e",
              "parentUUID": "991491f0-1980-4514-ba0d-1a193044e553",
              "isHook": false,
              "skipped": false
            },
            {
              "title": "Prueba de limites: al eliminar la unica medicion muestra el estado vacio controlado",
              "fullTitle": "HU-5 | Eliminar medicion corporal Prueba de limites: al eliminar la unica medicion muestra el estado vacio controlado",
              "timedOut": false,
              "duration": 1004,
              "state": "passed",
              "speed": "slow",
              "pass": true,
              "fail": false,
              "pending": false,
              "context": "{\n  \"title\": \"Captura de pantalla (OK)\",\n  \"value\": \"../../screenshots/hu_5_eliminar_medicion_corporal_prueba_de_limites_al_eliminar_la_unica_medicion_muestra_el_estado_vacio_controlado__OK.png\"\n}",
              "code": "await resetState('single');\nawait iniciarSesion();\nexpect(await listPage.contarFilas()).to.equal(1);\nawait listPage.clickEliminar(1);\nawait confirmPage.confirmar();\nexpect(await listPage.getEstadoVacio()).to.equal('No hay mediciones registradas');\nexpect(await listPage.existeTabla()).to.equal(false);",
              "err": {},
              "uuid": "2dcea14e-1069-4a98-b279-3795f8925f9c",
              "parentUUID": "991491f0-1980-4514-ba0d-1a193044e553",
              "isHook": false,
              "skipped": false
            }
          ],
          "suites": [],
          "passes": [
            "90c448e0-c279-4b62-9069-4604578469e6",
            "f05d8fc1-16eb-4c77-8526-9d25f9f54c1e",
            "2dcea14e-1069-4a98-b279-3795f8925f9c"
          ],
          "failures": [],
          "pending": [],
          "skipped": [],
          "duration": 3216,
          "root": false,
          "rootEmpty": false,
          "_timeout": 30000
        }
      ],
      "passes": [],
      "failures": [],
      "pending": [],
      "skipped": [],
      "duration": 0,
      "root": true,
      "rootEmpty": true,
      "_timeout": 30000
    }
  ],
  "meta": {
    "mocha": {
      "version": "10.8.2"
    },
    "mochawesome": {
      "options": {
        "quiet": false,
        "reportFilename": "index",
        "saveHtml": true,
        "saveJson": true,
        "consoleReporter": "spec",
        "useInlineDiffs": false,
        "code": true
      },
      "version": "7.1.4"
    },
    "marge": {
      "options": {
        "reportDir": "reports/mochawesome",
        "reportFilename": "index",
        "reportTitle": "NutriMacros - Pruebas Automatizadas con Selenium WebDriver",
        "reportPageTitle": "NutriMacros - Reporte de Pruebas",
        "overwrite": "true",
        "html": "true",
        "json": "true",
        "charts": "true",
        "code": "true"
      },
      "version": "6.3.2"
    }
  }
}